mode: set
github.com/ariam/my-api/cmd/api/main.go:20.13,29.16 6 0
github.com/ariam/my-api/cmd/api/main.go:29.16,31.3 1 0
github.com/ariam/my-api/cmd/api/main.go:32.2,34.48 2 0
github.com/ariam/my-api/cmd/api/main.go:34.48,36.3 1 0
github.com/ariam/my-api/cmd/api/main.go:38.2,48.46 5 0
github.com/ariam/my-api/cmd/api/main.go:48.46,51.38 3 0
github.com/ariam/my-api/cmd/api/main.go:51.38,53.4 1 0
github.com/ariam/my-api/cmd/api/main.go:55.3,59.5 1 0
github.com/ariam/my-api/cmd/api/main.go:62.2,64.12 2 0
github.com/ariam/my-api/cmd/api/main.go:64.12,65.56 1 0
github.com/ariam/my-api/cmd/api/main.go:65.56,67.4 1 0
github.com/ariam/my-api/cmd/api/main.go:70.2,77.39 6 0
github.com/ariam/my-api/cmd/api/main.go:77.39,79.3 1 0
github.com/ariam/my-api/cmd/api/main.go:82.56,85.37 2 0
github.com/ariam/my-api/cmd/api/main.go:85.37,87.3 1 0
github.com/ariam/my-api/cmd/api/main.go:89.2,98.4 2 0
github.com/ariam/my-api/internal/config/config.go:36.21,37.40 1 0
github.com/ariam/my-api/internal/config/config.go:37.40,39.3 1 0
github.com/ariam/my-api/internal/config/config.go:41.2,58.3 1 0
github.com/ariam/my-api/internal/config/config.go:61.42,62.38 1 0
github.com/ariam/my-api/internal/config/config.go:62.38,64.3 1 0
github.com/ariam/my-api/internal/config/config.go:65.2,65.17 1 0
github.com/ariam/my-api/internal/config/config.go:68.46,69.38 1 0
github.com/ariam/my-api/internal/config/config.go:69.38,70.46 1 0
github.com/ariam/my-api/internal/config/config.go:70.46,72.4 1 0
github.com/ariam/my-api/internal/config/config.go:74.2,74.17 1 0
github.com/ariam/my-api/internal/config/database.go:14.63,21.26 3 0
github.com/ariam/my-api/internal/config/database.go:21.26,23.3 1 0
github.com/ariam/my-api/internal/config/database.go:25.2,28.16 2 0
github.com/ariam/my-api/internal/config/database.go:28.16,30.3 1 0
github.com/ariam/my-api/internal/config/database.go:32.2,33.16 2 0
github.com/ariam/my-api/internal/config/database.go:33.16,35.3 1 0
github.com/ariam/my-api/internal/config/database.go:37.2,43.16 5 0
github.com/ariam/my-api/internal/config/database.go:46.33,48.16 2 0
github.com/ariam/my-api/internal/config/database.go:48.16,51.3 2 0
github.com/ariam/my-api/internal/config/database.go:53.2,53.38 1 0
github.com/ariam/my-api/internal/config/database.go:53.38,56.3 2 0
github.com/ariam/my-api/internal/config/database.go:58.2,58.43 1 0
github.com/ariam/my-api/internal/config/migration.go:10.38,17.16 3 0
github.com/ariam/my-api/internal/config/migration.go:17.16,20.3 2 0
github.com/ariam/my-api/internal/config/migration.go:22.2,23.12 2 0
github.com/ariam/my-api/internal/middleware/auth.go:11.53,12.34 1 0
github.com/ariam/my-api/internal/middleware/auth.go:12.34,14.23 2 0
github.com/ariam/my-api/internal/middleware/auth.go:14.23,16.4 1 0
github.com/ariam/my-api/internal/middleware/auth.go:18.3,19.46 2 0
github.com/ariam/my-api/internal/middleware/auth.go:19.46,21.4 1 0
github.com/ariam/my-api/internal/middleware/auth.go:23.3,24.17 2 0
github.com/ariam/my-api/internal/middleware/auth.go:24.17,26.4 1 0
github.com/ariam/my-api/internal/middleware/auth.go:28.3,32.18 4 0
github.com/ariam/my-api/internal/middleware/auth.go:36.50,37.34 1 0
github.com/ariam/my-api/internal/middleware/auth.go:37.34,40.30 2 0
github.com/ariam/my-api/internal/middleware/auth.go:40.30,41.24 1 0
github.com/ariam/my-api/internal/middleware/auth.go:41.24,43.5 1 0
github.com/ariam/my-api/internal/middleware/auth.go:46.3,46.59 1 0
github.com/ariam/my-api/internal/middleware/logger.go:11.36,12.34 1 0
github.com/ariam/my-api/internal/middleware/logger.go:12.34,28.3 4 0
github.com/ariam/my-api/internal/middleware/security.go:14.48,35.43 5 0
github.com/ariam/my-api/internal/middleware/security.go:35.43,37.4 1 0
github.com/ariam/my-api/internal/middleware/security.go:38.42,43.4 1 0
github.com/ariam/my-api/internal/model/base.go:17.48,18.22 1 0
github.com/ariam/my-api/internal/model/base.go:18.22,20.3 1 0
github.com/ariam/my-api/internal/model/base.go:21.2,21.12 1 0
github.com/ariam/my-api/internal/model/user.go:12.32,14.2 1 0
github.com/ariam/my-api/internal/router/router.go:13.69,35.2 16 0
github.com/ariam/my-api/internal/repository/repository.go:13.63,15.2 1 0
github.com/ariam/my-api/internal/repository/repository.go:17.74,19.2 1 0
github.com/ariam/my-api/internal/repository/repository.go:21.82,24.16 3 0
github.com/ariam/my-api/internal/repository/repository.go:24.16,26.3 1 0
github.com/ariam/my-api/internal/repository/repository.go:27.2,27.21 1 0
github.com/ariam/my-api/internal/repository/repository.go:30.97,40.2 6 0
github.com/ariam/my-api/internal/repository/repository.go:42.74,44.2 1 0
github.com/ariam/my-api/internal/repository/repository.go:46.74,49.2 2 0
github.com/ariam/my-api/internal/repository/user_repository.go:23.52,27.2 1 0
github.com/ariam/my-api/internal/repository/user_repository.go:29.94,32.16 3 0
github.com/ariam/my-api/internal/repository/user_repository.go:32.16,34.3 1 0
github.com/ariam/my-api/internal/repository/user_repository.go:35.2,35.19 1 0
github.com/ariam/my-api/pkg/logger/logger.go:16.23,17.17 1 0
github.com/ariam/my-api/pkg/logger/logger.go:17.17,20.26 2 0
github.com/ariam/my-api/pkg/logger/logger.go:20.26,24.4 3 0
github.com/ariam/my-api/pkg/logger/logger.go:24.9,27.4 2 0
github.com/ariam/my-api/pkg/logger/logger.go:29.3,31.17 3 0
github.com/ariam/my-api/pkg/logger/logger.go:31.17,32.14 1 0
github.com/ariam/my-api/pkg/logger/logger.go:37.24,38.16 1 0
github.com/ariam/my-api/pkg/logger/logger.go:38.16,40.3 1 0
github.com/ariam/my-api/pkg/logger/logger.go:41.2,41.12 1 0
github.com/ariam/my-api/pkg/logger/logger.go:44.13,45.16 1 0
github.com/ariam/my-api/pkg/logger/logger.go:45.16,47.3 1 0
github.com/ariam/my-api/pkg/logger/logger.go:50.44,52.2 1 0
github.com/ariam/my-api/pkg/logger/logger.go:54.45,56.2 1 0
github.com/ariam/my-api/pkg/logger/logger.go:58.45,60.2 1 0
github.com/ariam/my-api/pkg/logger/logger.go:62.44,64.2 1 0
github.com/ariam/my-api/pkg/logger/logger.go:66.45,69.2 2 0
github.com/ariam/my-api/pkg/response/response.go:20.52,25.2 1 0
github.com/ariam/my-api/pkg/response/response.go:27.79,33.2 1 0
github.com/ariam/my-api/pkg/response/response.go:35.52,40.2 1 0
github.com/ariam/my-api/pkg/response/response.go:42.36,44.2 1 0
github.com/ariam/my-api/pkg/response/response.go:46.64,51.2 1 0
github.com/ariam/my-api/pkg/response/response.go:53.53,55.2 1 0
github.com/ariam/my-api/pkg/response/response.go:57.55,59.2 1 0
github.com/ariam/my-api/pkg/response/response.go:61.52,63.2 1 0
github.com/ariam/my-api/pkg/response/response.go:65.51,67.2 1 0
github.com/ariam/my-api/pkg/response/response.go:69.62,71.2 1 0
github.com/ariam/my-api/pkg/response/response.go:73.62,78.2 1 0
github.com/ariam/my-api/pkg/response/response.go:80.87,82.28 2 0
github.com/ariam/my-api/pkg/response/response.go:82.28,84.3 1 0
github.com/ariam/my-api/pkg/response/response.go:86.2,95.4 1 0
github.com/ariam/my-api/internal/handler/auth_handler.go:16.67,18.2 1 0
github.com/ariam/my-api/internal/handler/auth_handler.go:20.49,23.45 2 0
github.com/ariam/my-api/internal/handler/auth_handler.go:23.45,25.3 1 0
github.com/ariam/my-api/internal/handler/auth_handler.go:27.2,27.55 1 0
github.com/ariam/my-api/internal/handler/auth_handler.go:27.55,29.3 1 0
github.com/ariam/my-api/internal/handler/auth_handler.go:31.2,32.16 2 0
github.com/ariam/my-api/internal/handler/auth_handler.go:32.16,33.52 1 0
github.com/ariam/my-api/internal/handler/auth_handler.go:33.52,35.4 1 0
github.com/ariam/my-api/internal/handler/auth_handler.go:36.3,36.57 1 0
github.com/ariam/my-api/internal/handler/auth_handler.go:39.2,39.36 1 0
github.com/ariam/my-api/internal/handler/auth_handler.go:42.46,48.2 1 0
github.com/ariam/my-api/internal/handler/user_handler.go:17.67,19.2 1 1
github.com/ariam/my-api/internal/handler/user_handler.go:21.50,24.45 2 1
github.com/ariam/my-api/internal/handler/user_handler.go:24.45,26.3 1 0
github.com/ariam/my-api/internal/handler/user_handler.go:28.2,28.55 1 1
github.com/ariam/my-api/internal/handler/user_handler.go:28.55,30.3 1 1
github.com/ariam/my-api/internal/handler/user_handler.go:32.2,33.16 2 1
github.com/ariam/my-api/internal/handler/user_handler.go:33.16,34.52 1 0
github.com/ariam/my-api/internal/handler/user_handler.go:34.52,36.4 1 0
github.com/ariam/my-api/internal/handler/user_handler.go:37.3,37.66 1 0
github.com/ariam/my-api/internal/handler/user_handler.go:40.2,40.34 1 1
github.com/ariam/my-api/internal/handler/user_handler.go:43.52,47.16 3 1
github.com/ariam/my-api/internal/handler/user_handler.go:47.16,48.46 1 1
github.com/ariam/my-api/internal/handler/user_handler.go:48.46,50.4 1 1
github.com/ariam/my-api/internal/handler/user_handler.go:51.3,51.65 1 0
github.com/ariam/my-api/internal/handler/user_handler.go:54.2,54.34 1 1
github.com/ariam/my-api/internal/handler/user_handler.go:57.51,61.14 3 0
github.com/ariam/my-api/internal/handler/user_handler.go:61.14,63.3 1 0
github.com/ariam/my-api/internal/handler/user_handler.go:64.2,64.34 1 0
github.com/ariam/my-api/internal/handler/user_handler.go:64.34,66.3 1 0
github.com/ariam/my-api/internal/handler/user_handler.go:68.2,69.16 2 0
github.com/ariam/my-api/internal/handler/user_handler.go:69.16,71.3 1 0
github.com/ariam/my-api/internal/handler/user_handler.go:73.2,73.59 1 0
github.com/ariam/my-api/internal/handler/user_handler.go:76.50,80.45 3 0
github.com/ariam/my-api/internal/handler/user_handler.go:80.45,82.3 1 0
github.com/ariam/my-api/internal/handler/user_handler.go:84.2,84.55 1 0
github.com/ariam/my-api/internal/handler/user_handler.go:84.55,86.3 1 0
github.com/ariam/my-api/internal/handler/user_handler.go:88.2,89.16 2 0
github.com/ariam/my-api/internal/handler/user_handler.go:89.16,90.46 1 0
github.com/ariam/my-api/internal/handler/user_handler.go:90.46,92.4 1 0
github.com/ariam/my-api/internal/handler/user_handler.go:93.3,93.66 1 0
github.com/ariam/my-api/internal/handler/user_handler.go:96.2,96.34 1 0
github.com/ariam/my-api/internal/handler/user_handler.go:99.50,103.16 3 1
github.com/ariam/my-api/internal/handler/user_handler.go:103.16,104.46 1 0
github.com/ariam/my-api/internal/handler/user_handler.go:104.46,106.4 1 0
github.com/ariam/my-api/internal/handler/user_handler.go:107.3,107.66 1 0
github.com/ariam/my-api/internal/handler/user_handler.go:110.2,110.30 1 1
github.com/ariam/my-api/pkg/validator/validator.go:18.13,21.68 2 1
github.com/ariam/my-api/pkg/validator/validator.go:21.68,23.18 2 1
github.com/ariam/my-api/pkg/validator/validator.go:23.18,25.4 1 0
github.com/ariam/my-api/pkg/validator/validator.go:26.3,26.14 1 1
github.com/ariam/my-api/pkg/validator/validator.go:30.32,31.21 1 1
github.com/ariam/my-api/pkg/validator/validator.go:31.21,33.3 1 0
github.com/ariam/my-api/pkg/validator/validator.go:34.2,34.17 1 1
github.com/ariam/my-api/pkg/validator/validator.go:37.49,40.43 2 1
github.com/ariam/my-api/pkg/validator/validator.go:40.43,41.56 1 1
github.com/ariam/my-api/pkg/validator/validator.go:41.56,47.4 1 1
github.com/ariam/my-api/pkg/validator/validator.go:50.2,50.15 1 1
github.com/ariam/my-api/pkg/validator/validator.go:53.55,54.19 1 1
github.com/ariam/my-api/pkg/validator/validator.go:55.18,56.38 1 1
github.com/ariam/my-api/pkg/validator/validator.go:57.15,58.48 1 1
github.com/ariam/my-api/pkg/validator/validator.go:59.13,60.74 1 1
github.com/ariam/my-api/pkg/validator/validator.go:61.13,62.73 1 0
github.com/ariam/my-api/pkg/validator/validator.go:63.17,64.52 1 0
github.com/ariam/my-api/pkg/validator/validator.go:65.10,66.37 1 0
github.com/ariam/my-api/internal/service/auth_service.go:30.97,35.2 1 0
github.com/ariam/my-api/internal/service/auth_service.go:37.92,39.16 2 0
github.com/ariam/my-api/internal/service/auth_service.go:39.16,41.3 1 0
github.com/ariam/my-api/internal/service/auth_service.go:43.2,43.101 1 0
github.com/ariam/my-api/internal/service/auth_service.go:43.101,45.3 1 0
github.com/ariam/my-api/internal/service/auth_service.go:47.2,47.20 1 0
github.com/ariam/my-api/internal/service/auth_service.go:47.20,49.3 1 0
github.com/ariam/my-api/internal/service/auth_service.go:51.2,52.16 2 0
github.com/ariam/my-api/internal/service/auth_service.go:52.16,54.3 1 0
github.com/ariam/my-api/internal/service/auth_service.go:56.2,59.8 1 0
github.com/ariam/my-api/internal/service/user_service.go:49.69,51.2 1 1
github.com/ariam/my-api/internal/service/user_service.go:53.98,55.21 2 1
github.com/ariam/my-api/internal/service/user_service.go:55.21,57.3 1 1
github.com/ariam/my-api/internal/service/user_service.go:59.2,60.16 2 1
github.com/ariam/my-api/internal/service/user_service.go:60.16,62.3 1 0
github.com/ariam/my-api/internal/service/user_service.go:64.2,72.53 2 1
github.com/ariam/my-api/internal/service/user_service.go:72.53,74.3 1 0
github.com/ariam/my-api/internal/service/user_service.go:76.2,76.34 1 1
github.com/ariam/my-api/internal/service/user_service.go:79.87,81.16 2 1
github.com/ariam/my-api/internal/service/user_service.go:81.16,82.45 1 1
github.com/ariam/my-api/internal/service/user_service.go:82.45,84.4 1 1
github.com/ariam/my-api/internal/service/user_service.go:85.3,85.18 1 0
github.com/ariam/my-api/internal/service/user_service.go:88.2,88.34 1 1
github.com/ariam/my-api/internal/service/user_service.go:91.102,93.16 2 0
github.com/ariam/my-api/internal/service/user_service.go:93.16,95.3 1 0
github.com/ariam/my-api/internal/service/user_service.go:97.2,98.29 2 0
github.com/ariam/my-api/internal/service/user_service.go:98.29,100.3 1 0
github.com/ariam/my-api/internal/service/user_service.go:102.2,102.30 1 0
github.com/ariam/my-api/internal/service/user_service.go:105.109,107.16 2 0
github.com/ariam/my-api/internal/service/user_service.go:107.16,108.45 1 0
github.com/ariam/my-api/internal/service/user_service.go:108.45,110.4 1 0
github.com/ariam/my-api/internal/service/user_service.go:111.3,111.18 1 0
github.com/ariam/my-api/internal/service/user_service.go:114.2,114.22 1 0
github.com/ariam/my-api/internal/service/user_service.go:114.22,116.3 1 0
github.com/ariam/my-api/internal/service/user_service.go:118.2,118.53 1 0
github.com/ariam/my-api/internal/service/user_service.go:118.53,120.3 1 0
github.com/ariam/my-api/internal/service/user_service.go:122.2,122.34 1 0
github.com/ariam/my-api/internal/service/user_service.go:125.68,127.16 2 1
github.com/ariam/my-api/internal/service/user_service.go:127.16,128.45 1 1
github.com/ariam/my-api/internal/service/user_service.go:128.45,130.4 1 1
github.com/ariam/my-api/internal/service/user_service.go:131.3,131.13 1 0
github.com/ariam/my-api/internal/service/user_service.go:134.2,134.35 1 1
github.com/ariam/my-api/internal/service/user_service.go:137.53,145.2 1 1
github.com/ariam/my-api/pkg/jwt/jwt.go:27.64,32.2 1 1
github.com/ariam/my-api/pkg/jwt/jwt.go:34.75,47.2 3 1
github.com/ariam/my-api/pkg/jwt/jwt.go:49.68,50.104 1 1
github.com/ariam/my-api/pkg/jwt/jwt.go:50.104,51.58 1 1
github.com/ariam/my-api/pkg/jwt/jwt.go:51.58,53.4 1 0
github.com/ariam/my-api/pkg/jwt/jwt.go:54.3,54.31 1 1
github.com/ariam/my-api/pkg/jwt/jwt.go:57.2,57.16 1 1
github.com/ariam/my-api/pkg/jwt/jwt.go:57.16,58.42 1 1
github.com/ariam/my-api/pkg/jwt/jwt.go:58.42,60.4 1 1
github.com/ariam/my-api/pkg/jwt/jwt.go:61.3,61.30 1 1
github.com/ariam/my-api/pkg/jwt/jwt.go:64.2,65.25 2 1
github.com/ariam/my-api/pkg/jwt/jwt.go:65.25,67.3 1 0
github.com/ariam/my-api/pkg/jwt/jwt.go:69.2,69.20 1 1
